<?xml version="1.0" encoding="utf-8" standalone="no"?>
<!--This file represents the results of running a test suite-->
<test-results name="C:\Users\Joe\Documents\Visual Studio 2013\Projects\IoCContainer\IoCContainer\IoCContainerTests.nunit" total="8" errors="0" failures="0" not-run="0" inconclusive="0" ignored="0" skipped="0" invalid="0" date="2014-03-13" time="14:25:38">
  <environment nunit-version="2.6.3.13283" clr-version="2.0.50727.5477" os-version="Microsoft Windows NT 6.1.7601 Service Pack 1" platform="Win32NT" cwd="E:\Program Files 32-bit\NUnit\bin" machine-name="JOE-PC" user="Joe" user-domain="Joe-PC" />
  <culture-info current-culture="en-US" current-uiculture="en-US" />
  <test-suite type="Project" name="C:\Users\Joe\Documents\Visual Studio 2013\Projects\IoCContainer\IoCContainer\IoCContainerTests.nunit" executed="True" result="Success" success="True" time="0.096" asserts="0">
    <results>
      <test-suite type="Assembly" name="C:\Users\Joe\Documents\Visual Studio 2013\Projects\IoCContainer\IoCContainer\bin\Debug\IoCContainer.Service.dll" executed="True" result="Success" success="True" time="0.081" asserts="0">
        <results>
          <test-suite type="Namespace" name="IoCContainer" executed="True" result="Success" success="True" time="0.081" asserts="0">
            <results>
              <test-suite type="Namespace" name="Service" executed="True" result="Success" success="True" time="0.080" asserts="0">
                <results>
                  <test-suite type="Namespace" name="Tests" executed="True" result="Success" success="True" time="0.080" asserts="0">
                    <results>
                      <test-suite type="TestFixture" name="IoCContainerServiceTests" executed="True" result="Success" success="True" time="0.078" asserts="0">
                        <results>
                          <test-case name="IoCContainer.Service.Tests.IoCContainerServiceTests.Register_Type_With_Default_LifetimeType_Test" executed="True" result="Success" success="True" time="0.023" asserts="1" />
                          <test-case name="IoCContainer.Service.Tests.IoCContainerServiceTests.Register_Type_With_Singleton_LifetimeType_Test" executed="True" result="Success" success="True" time="0.001" asserts="1" />
                          <test-case name="IoCContainer.Service.Tests.IoCContainerServiceTests.Register_Type_With_Transient_LifetimeType_Test" executed="True" result="Success" success="True" time="0.000" asserts="1" />
                          <test-case name="IoCContainer.Service.Tests.IoCContainerServiceTests.Resolve_Default_Type_Test" executed="True" result="Success" success="True" time="0.017" asserts="1" />
                          <test-case name="IoCContainer.Service.Tests.IoCContainerServiceTests.Resolve_Singleton_Type_Test" executed="True" result="Success" success="True" time="0.000" asserts="1" />
                          <test-case name="IoCContainer.Service.Tests.IoCContainerServiceTests.Resolve_Transient_Type_Test" executed="True" result="Success" success="True" time="0.000" asserts="1" />
                          <test-case name="IoCContainer.Service.Tests.IoCContainerServiceTests.Resolve_Type_With_Resolvable_Constructor_Arguements_Test" executed="True" result="Success" success="True" time="0.002" asserts="1" />
                          <test-case name="IoCContainer.Service.Tests.IoCContainerServiceTests.Resolve_Unknown_Type_Test" executed="True" result="Success" success="True" time="0.004" asserts="0" />
                        </results>
                      </test-suite>
                    </results>
                  </test-suite>
                </results>
              </test-suite>
            </results>
          </test-suite>
        </results>
      </test-suite>
    </results>
  </test-suite>
</test-results>